<?xml version="1.0" encoding="UTF-8" ?>
<testsuites disabled="0" errors="0" failures="0" tests="3" time="0.008">
 <testsuite name="test validators" timestamp="2020-04-19T19:14:40" hostname="localhost" time="0.008" errors="0" tests="3" skipped="0" disabled="0" failures="0">
  <testcase classname="test validators" name="testing password with correct input" time="0.004" />
  <testcase classname="test validators" name="tesing username with wrong format" time="0.001" />
  <testcase classname="test validators" name="testing username with correct input" time="0" />
 </testsuite>
</testsuites>